        -:    0:Source:bugAlgo.c
        -:    0:Graph:bugAlgo.gcno
        -:    0:Data:bugAlgo.gcda
        -:    0:Runs:1
        -:    0:Programs:1
        -:    1:#include <stdio.h>
        -:    2:#include <stdlib.h>
        -:    3:#include <string.h>
        -:    4:
        1:    5:int main(int argc, char *argv[])
        1:    6:{
        1:    7:	int arr[argc - 1];
        1:    8:	int n = argc - 1;
        -:    9:	int i,j;
        1:   10:	int x = 0;
        -:   11:	
        6:   12:	for (i = 0; i < n; i++) {
        5:   13:		arr[i] = atoi(argv[i+1]);
        -:   14:	}
        -:   15:
        5:   16:	for (j = 0; j < n-1; j++){
        -:   17:		
        4:   18:		if (arr[j]>=arr[j+1])
        -:   19:		{			
        2:   20:			if (arr[j] >= x) x = arr[j];
        -:   21:		}			
        -:   22:		else{
        2:   23:			if (arr[j+1] >= x) x = arr[j];   // fault
        -:   24:		}
        -:   25:	}
        1:   26:	printf ("%d\n",x);
        -:   27:    
        1:   28:    return 0;
        -:   29:}
