        -:    0:Source:bugAlgo.c
        -:    0:Graph:bugAlgo.gcno
        -:    0:Data:bugAlgo.gcda
        -:    0:Runs:1
        -:    0:Programs:1
        -:    1:#include <stdio.h>
        -:    2:#include <stdlib.h>
        1:    3:int main(){
        1:    4:	int arr[] = {5,4,3,2,1};
        1:    5:	int n = 5;
        -:    6:	int i, j;
        -:    7:	int temp;
        5:    8:	for (i = 0; i < n - 1; i += 1)
       10:    9:		for (j = 0; j < n - i - 1; j += 2)//bugs here, true: j += 1
        6:   10:			if (arr[j] > arr[j + 1]) {
        2:   11:				temp = arr[j];
        2:   12:				arr[j] = arr[j+1];
        2:   13:				arr[j+1] = temp;
        -:   14:			}
        1:   15:	return 0;
        -:   16:}
