        -:    0:Source:bugAlgo.c
        -:    0:Graph:bugAlgo.gcno
        -:    0:Data:bugAlgo.gcda
        -:    0:Runs:1
        -:    0:Programs:1
        -:    1:#include <stdio.h>
        -:    2:#include <stdlib.h>
        -:    3:
        -:    4:// Driver program to test above functions 
        1:    5:int main()
        -:    6:{
        1:    7:	int arr[] = {5,4,3,2,1};
        1:    8:	int n = 5;
        -:    9:	int i, j;
        -:   10:	int temp;
        -:   11:	
        -:   12:	
        -:   13:
        -:   14:	//scanf("%d %d %d %d %d", &arr[0], &arr[1], &arr[2], &arr[3], &arr[4]);
        -:   15:
        5:   16:	for (i = 0; i < n - 1; i += 1) { 
       10:   17:		for (j = 0; j < n - i - 1; j += 2) { //bugs here, true: j += 1
        6:   18:			if (arr[j] > arr[j + 1]) {
        2:   19:				temp = arr[j];
        2:   20:				arr[j] = arr[j+1];
        2:   21:				arr[j+1] = temp;
        -:   22:			}
        -:   23:		}
        -:   24:	}
        -:   25:
        -:   26:	//out put sorted arr
        -:   27:	//for (i = 0; i < n; i++)
        -:   28:	//	printf("%d ", arr[i]);
        -:   29:
        1:   30:	return 0;
        -:   31:}
