        -:    0:Source:bugAlgo.c
        -:    0:Graph:bugAlgo.gcno
        -:    0:Data:bugAlgo.gcda
        -:    0:Runs:1
        -:    0:Programs:1
        -:    1:#include <stdio.h>
        -:    2:#include <stdlib.h>
        -:    3:#include <string.h>
        -:    4:
        1:    5:int main(int argc, char *argv[]){
        -:    6:	
        1:    7:	int arr[argc - 1];
        1:    8:	int n = argc - 1;
        -:    9:	int i, j;
        -:   10:	int temp;
        -:   11:	
        6:   12:	for (i = 0; i < n; i++) {
        5:   13:		arr[i] = atoi(argv[i+1]);
        -:   14:	}
        -:   15:	
        -:   16:	//printf("%d %d %d %d %d\n", arr[0], arr[1],arr[2],arr[3],arr[4]);
        -:   17:	
        5:   18:	for (i = 0; i < n - 1; i += 1) {
       14:   19:		for (j = 0; j < n - i - 1; j += 1) {
       10:   20:			if (arr[i] > arr[j + 1]) { //bugs here, true: if (arr[j] > arr[j + 1])
        3:   21:				temp = arr[j];
        3:   22:				arr[j] = arr[j+1];
        3:   23:				arr[j+1] = temp;
        -:   24:			}
        -:   25:		}
        -:   26:	}
        -:   27:	
        -:   28:	//print result	
        1:   29:	printf("%d,%d,%d,%d,%d", arr[0], arr[1],arr[2],arr[3],arr[4]);
        -:   30:	
        1:   31:	return 0;
        -:   32:	
        -:   33:}
