        -:    0:Source:bugAlgo.c
        -:    0:Graph:bugAlgo.gcno
        -:    0:Data:bugAlgo.gcda
        -:    0:Runs:1
        -:    0:Programs:1
        -:    1:#include <stdio.h>
        -:    2:#include <stdlib.h>
        -:    3:#include <string.h>
        -:    4:
        1:    5:int main(int argc, char *argv[])
        1:    6:{
        1:    7:	int arr[argc - 1];
        1:    8:	int n = argc - 1;
        -:    9:	int i;
        1:   10:	int output[argc - 1];
        -:   11:	
        6:   12:	for (i = 0; i < n; i++) {
        5:   13:		arr[i] = atoi(argv[i+1]);
        5:   14:		output[i] = 0;
        -:   15:	}
        -:   16:
        -:   17:
        1:   18:	if ( arr[0] % 2 == 0 ){ //even
    #####:   19:		output[0] = 0;
        -:   20:	} else { //odd
        1:   21:		output[0] = 1;
        -:   22:	}
        -:   23:	
        1:   24:	if ( arr[1] % 2 == 0 ){ //even
        1:   25:		output[1] = 1;				//fault s13
        -:   26:	} else { //odd
    #####:   27:		output[1] = 1;
        -:   28:	}
        -:   29:	
        1:   30:	if ( arr[2] % 2 == 0 ){ //even
        1:   31:		output[2] = 0;
        -:   32:	} else { //odd
    #####:   33:		output[2] = 1;
        -:   34:	}
        -:   35:	
        1:   36:	if ( arr[3] % 2 == 0 ){ //even
        1:   37:		output[3] = 0;
        -:   38:	} else { //odd
    #####:   39:		output[3] = 0;				//fault s20
        -:   40:	}
        -:   41:	
        1:   42:	if ( arr[4] % 2 == 0 ){ //even
    #####:   43:		output[4] = 0;
        -:   44:	} else { //odd
        1:   45:		output[4] = 1;
        -:   46:	}
        -:   47:	
        -:   48:	
        1:   49:	printf ("%d,%d,%d,%d,%d\n",output[0], output[1],output[2],output[3],output[4]);
        -:   50:    
        1:   51:    return 0;
        -:   52:}
